<?xml version="1.0" encoding="UTF-8"?>
<!-- Generated by org.testng.reporters.JUnitReportReporter -->
<testsuite skipped="0" hostname="DESKTOP-KC0JV2H" name="com.leafBot.testcases.TC003_CreateLead" tests="2" failures="0" timestamp="06 Dec 2020 10:29:16 GMT" time="51.192" errors="0">
  <testcase name="createLead" time="24.222" classname="com.leafBot.testcases.TC003_CreateLead"/>
  <testcase name="createLead" time="26.970" classname="com.leafBot.testcases.TC003_CreateLead"/>
</testsuite> <!-- com.leafBot.testcases.TC003_CreateLead -->
