<?xml version="1.0" encoding="UTF-8"?>
<!-- Generated by org.testng.reporters.JUnitReportReporter -->
<testsuite skipped="0" hostname="DESKTOP-KC0JV2H" name="testcases.TC016_updateExsistingOrder" tests="1" failures="0" timestamp="30 Dec 2020 10:41:29 GMT" time="44.568" errors="0">
  <testcase name="updateMobileOrder" time="44.568" classname="testcases.TC016_updateExsistingOrder"/>
</testsuite> <!-- testcases.TC016_updateExsistingOrder -->
