<?xml version="1.0" encoding="UTF-8"?>
<!-- Generated by org.testng.reporters.JUnitReportReporter -->
<testsuite skipped="0" hostname="DESKTOP-KC0JV2H" name="testcases.TC017_CancelMobileOrder" tests="1" failures="0" timestamp="01 Jan 2021 07:10:40 GMT" time="82.665" errors="0">
  <testcase name="orderMobile" time="82.665" classname="testcases.TC017_CancelMobileOrder"/>
</testsuite> <!-- testcases.TC017_CancelMobileOrder -->
