<?xml version="1.0" encoding="UTF-8"?>
<!-- Generated by org.testng.reporters.JUnitReportReporter -->
<testsuite skipped="0" hostname="DESKTOP-KC0JV2H" name="testcases.TC009_UpdatescheduleInExtChange" tests="1" failures="0" timestamp="29 Dec 2020 05:54:38 GMT" time="53.700" errors="0">
  <testcase name="createchanges" time="53.700" classname="testcases.TC009_UpdatescheduleInExtChange"/>
</testsuite> <!-- testcases.TC009_UpdatescheduleInExtChange -->
