<?xml version="1.0" encoding="UTF-8"?>
<!-- Generated by org.testng.reporters.JUnitReportReporter -->
<testsuite skipped="0" hostname="DESKTOP-KC0JV2H" name="testcases.TC010_DeleteExtChange" tests="1" failures="0" timestamp="28 Dec 2020 14:51:41 GMT" time="51.014" errors="0">
  <testcase name="createchanges" time="51.014" classname="testcases.TC010_DeleteExtChange"/>
</testsuite> <!-- testcases.TC010_DeleteExtChange -->
