<?xml version="1.0" encoding="UTF-8"?>
<!-- Generated by org.testng.reporters.JUnitReportReporter -->
<testsuite skipped="0" hostname="DESKTOP-KC0JV2H" name="testcases.TC018_DeleteMobileOrder" tests="1" failures="0" timestamp="01 Jan 2021 07:42:54 GMT" time="67.752" errors="0">
  <testcase name="DeleteMobileOrder" time="67.752" classname="testcases.TC018_DeleteMobileOrder"/>
</testsuite> <!-- testcases.TC018_DeleteMobileOrder -->
