<?xml version="1.0" encoding="UTF-8"?>
<!-- Generated by org.testng.reporters.JUnitReportReporter -->
<testsuite skipped="0" hostname="DESKTOP-KC0JV2H" name="testcases.TC015_OrderingMobile" tests="1" failures="0" timestamp="30 Dec 2020 10:35:56 GMT" time="58.517" errors="0">
  <testcase name="orderMobile" time="58.517" classname="testcases.TC015_OrderingMobile"/>
</testsuite> <!-- testcases.TC015_OrderingMobile -->
