<?xml version="1.0" encoding="UTF-8"?>
<!-- Generated by org.testng.reporters.JUnitReportReporter -->
<testsuite skipped="0" hostname="DESKTOP-KC0JV2H" name="testcases.TC008_AssesstheChangeRequest" tests="1" failures="0" timestamp="28 Dec 2020 10:33:44 GMT" time="47.803" errors="0">
  <testcase name="createchanges" time="47.803" classname="testcases.TC008_AssesstheChangeRequest"/>
</testsuite> <!-- testcases.TC008_AssesstheChangeRequest -->
