<?xml version="1.0" encoding="UTF-8"?>
<!-- Generated by org.testng.reporters.JUnitReportReporter -->
<testsuite skipped="0" hostname="DESKTOP-KC0JV2H" name="testcases.TC020_UpdateProposal" tests="1" failures="0" timestamp="08 Jan 2021 10:34:03 GMT" time="88.297" errors="0">
  <testcase name="createStdProposal" time="88.297" classname="testcases.TC020_UpdateProposal"/>
</testsuite> <!-- testcases.TC020_UpdateProposal -->
