<?xml version="1.0" encoding="UTF-8"?>
<!-- Generated by org.testng.reporters.JUnitReportReporter -->
<testsuite skipped="0" hostname="DESKTOP-KC0JV2H" name="testcases.TC014_DeleteProblem" tests="1" failures="0" timestamp="29 Dec 2020 08:41:31 GMT" time="48.538" errors="0">
  <testcase name="deleteProblem" time="48.538" classname="testcases.TC014_DeleteProblem"/>
</testsuite> <!-- testcases.TC014_DeleteProblem -->
