<?xml version="1.0" encoding="UTF-8"?>
<!-- Generated by org.testng.reporters.JUnitReportReporter -->
<testsuite skipped="0" hostname="DESKTOP-KC0JV2H" name="com.leafBot.testcases.TC001_LoginLogOut" tests="1" failures="0" timestamp="07 Dec 2020 10:04:44 GMT" time="19.719" errors="0">
  <testcase name="login" time="19.719" classname="com.leafBot.testcases.TC001_LoginLogOut"/>
</testsuite> <!-- com.leafBot.testcases.TC001_LoginLogOut -->
