<?xml version="1.0" encoding="UTF-8"?>
<!-- Generated by org.testng.reporters.JUnitReportReporter -->
<testsuite skipped="0" hostname="DESKTOP-KC0JV2H" name="testcases.TC002_CreateIncident" tests="1" failures="0" timestamp="10 Dec 2020 05:16:58 GMT" time="74.705" errors="0">
  <testcase name="createIncident" time="74.705" classname="testcases.TC002_CreateIncident"/>
</testsuite> <!-- testcases.TC002_CreateIncident -->
