<?xml version="1.0" encoding="UTF-8"?>
<!-- Generated by org.testng.reporters.JUnitReportReporter -->
<testsuite skipped="0" hostname="DESKTOP-KC0JV2H" name="testcases.TC019_CreateStdProposal" tests="1" failures="0" timestamp="02 Jan 2021 07:03:31 GMT" time="53.054" errors="0">
  <testcase name="createStdProposal" time="53.054" classname="testcases.TC019_CreateStdProposal"/>
</testsuite> <!-- testcases.TC019_CreateStdProposal -->
