<?xml version="1.0" encoding="UTF-8"?>
<!-- Generated by org.testng.reporters.JUnitReportReporter -->
<testsuite skipped="0" hostname="DESKTOP-KC0JV2H" name="testcases.TC005_DeleteIncident" tests="1" failures="0" timestamp="27 Dec 2020 04:55:36 GMT" time="61.995" errors="0">
  <testcase name="resolvedIncident" time="61.995" classname="testcases.TC005_DeleteIncident"/>
</testsuite> <!-- testcases.TC005_DeleteIncident -->
