<?xml version="1.0" encoding="UTF-8"?>
<!-- Generated by org.testng.reporters.JUnitReportReporter -->
<testsuite skipped="0" hostname="DESKTOP-KC0JV2H" name="testcases.TC002_UpdateExistingIncident" tests="1" failures="0" timestamp="27 Dec 2020 04:32:54 GMT" time="40.807" errors="0">
  <testcase name="UpdateIncident" time="40.807" classname="testcases.TC002_UpdateExistingIncident"/>
</testsuite> <!-- testcases.TC002_UpdateExistingIncident -->
