<?xml version="1.0" encoding="UTF-8"?>
<!-- Generated by org.testng.reporters.JUnitReportReporter -->
<testsuite skipped="0" hostname="DESKTOP-KC0JV2H" name="testcases.TC012_UpdateProblem" tests="1" failures="0" timestamp="29 Dec 2020 07:18:45 GMT" time="57.335" errors="0">
  <testcase name="updateProblem" time="57.335" classname="testcases.TC012_UpdateProblem"/>
</testsuite> <!-- testcases.TC012_UpdateProblem -->
