<?xml version="1.0" encoding="UTF-8"?>
<!-- Generated by org.testng.reporters.JUnitReportReporter -->
<testsuite skipped="0" hostname="DESKTOP-KC0JV2H" name="testcases.TC007_CreateChanges" tests="1" failures="0" timestamp="29 Dec 2020 04:11:42 GMT" time="60.452" errors="0">
  <testcase name="createchanges" time="60.452" classname="testcases.TC007_CreateChanges"/>
</testsuite> <!-- testcases.TC007_CreateChanges -->
