<?xml version="1.0" encoding="UTF-8"?>
<!-- Generated by org.testng.reporters.JUnitReportReporter -->
<testsuite skipped="0" hostname="DESKTOP-KC0JV2H" name="testcases.TC006_CreateIncidentWithoutmandatoryDetails" tests="1" failures="0" timestamp="27 Dec 2020 05:26:13 GMT" time="40.486" errors="0">
  <testcase name="createIncident" time="40.486" classname="testcases.TC006_CreateIncidentWithoutmandatoryDetails"/>
</testsuite> <!-- testcases.TC006_CreateIncidentWithoutmandatoryDetails -->
