<?xml version="1.0" encoding="UTF-8"?>
<!-- Generated by org.testng.reporters.JUnitReportReporter -->
<testsuite skipped="0" hostname="DESKTOP-KC0JV2H" name="testcases.TC011_CreateProblem" tests="1" failures="0" timestamp="29 Dec 2020 04:15:54 GMT" time="43.993" errors="0">
  <testcase name="createProblem" time="43.993" classname="testcases.TC011_CreateProblem"/>
</testsuite> <!-- testcases.TC011_CreateProblem -->
