<?xml version="1.0" encoding="UTF-8"?>
<!-- Generated by org.testng.reporters.JUnitReportReporter -->
<testsuite skipped="0" hostname="DESKTOP-KC0JV2H" name="testcases.TC001_CreateIncident" tests="1" failures="0" timestamp="29 Dec 2020 03:40:36 GMT" time="52.719" errors="0">
  <testcase name="createIncident" time="52.719" classname="testcases.TC001_CreateIncident"/>
</testsuite> <!-- testcases.TC001_CreateIncident -->
