<?xml version="1.0" encoding="UTF-8"?>
<!-- Generated by org.testng.reporters.JUnitReportReporter -->
<testsuite skipped="0" hostname="DESKTOP-KC0JV2H" name="testcases.TC004_ResolvedIncident" tests="1" failures="0" timestamp="27 Dec 2020 04:36:51 GMT" time="48.362" errors="0">
  <testcase name="resolvedIncident" time="48.362" classname="testcases.TC004_ResolvedIncident"/>
</testsuite> <!-- testcases.TC004_ResolvedIncident -->
